0 info it worked if it ends with ok
1 verbose cli [ '/usr/local/bin/node', '/usr/local/bin/npm', 'start' ]
2 info using npm@3.5.2
3 info using node@v4.2.1
4 verbose run-script [ 'prestart', 'start', 'poststart' ]
5 info lifecycle lch_consulting_associates@1.0.0~prestart: lch_consulting_associates@1.0.0
6 silly lifecycle lch_consulting_associates@1.0.0~prestart: no script for prestart, continuing
7 info lifecycle lch_consulting_associates@1.0.0~start: lch_consulting_associates@1.0.0
8 verbose lifecycle lch_consulting_associates@1.0.0~start: unsafe-perm in lifecycle true
9 verbose lifecycle lch_consulting_associates@1.0.0~start: PATH: /usr/local/lib/node_modules/npm/bin/node-gyp-bin:/Users/goblinsan/Development/lch_new/node_modules/.bin:/Library/Frameworks/Python.framework/Versions/3.4/bin:/usr/local/bin:/usr/local/bin:/usr/bin:/bin:/usr/sbin:/sbin:/usr/local/CrossPack-AVR/bin
10 verbose lifecycle lch_consulting_associates@1.0.0~start: CWD: /Users/goblinsan/Development/lch_new
11 silly lifecycle lch_consulting_associates@1.0.0~start: Args: [ '-c', 'webpack-dev-server --progress --host 192.168.1.100' ]
12 silly lifecycle lch_consulting_associates@1.0.0~start: Returned: code: 1  signal: null
13 info lifecycle lch_consulting_associates@1.0.0~start: Failed to exec start script
14 verbose stack Error: lch_consulting_associates@1.0.0 start: `webpack-dev-server --progress --host 192.168.1.100`
14 verbose stack Exit status 1
14 verbose stack     at EventEmitter.<anonymous> (/usr/local/lib/node_modules/npm/lib/utils/lifecycle.js:232:16)
14 verbose stack     at emitTwo (events.js:87:13)
14 verbose stack     at EventEmitter.emit (events.js:172:7)
14 verbose stack     at ChildProcess.<anonymous> (/usr/local/lib/node_modules/npm/lib/utils/spawn.js:24:14)
14 verbose stack     at emitTwo (events.js:87:13)
14 verbose stack     at ChildProcess.emit (events.js:172:7)
14 verbose stack     at maybeClose (internal/child_process.js:818:16)
14 verbose stack     at Process.ChildProcess._handle.onexit (internal/child_process.js:211:5)
15 verbose pkgid lch_consulting_associates@1.0.0
16 verbose cwd /Users/goblinsan/Development/lch_new
17 error Darwin 15.3.0
18 error argv "/usr/local/bin/node" "/usr/local/bin/npm" "start"
19 error node v4.2.1
20 error npm  v3.5.2
21 error code ELIFECYCLE
22 error lch_consulting_associates@1.0.0 start: `webpack-dev-server --progress --host 192.168.1.100`
22 error Exit status 1
23 error Failed at the lch_consulting_associates@1.0.0 start script 'webpack-dev-server --progress --host 192.168.1.100'.
23 error Make sure you have the latest version of node.js and npm installed.
23 error If you do, this is most likely a problem with the lch_consulting_associates package,
23 error not with npm itself.
23 error Tell the author that this fails on your system:
23 error     webpack-dev-server --progress --host 192.168.1.100
23 error You can get information on how to open an issue for this project with:
23 error     npm bugs lch_consulting_associates
23 error Or if that isn't available, you can get their info via:
23 error     npm owner ls lch_consulting_associates
23 error There is likely additional logging output above.
24 verbose exit [ 1, true ]
